<?xml version="1.0" encoding="UTF-8"?>
<testsuite name="org.koenighotze.javaslangplayground.MapTest" tests="2" skipped="0" failures="0" errors="0" timestamp="2016-11-13T21:11:33" hostname="schda-ambp2.fritz.box" time="0.008">
  <properties/>
  <testcase name="mapsAreImmutable" classname="org.koenighotze.javaslangplayground.MapTest" time="0.004"/>
  <testcase name="bimap" classname="org.koenighotze.javaslangplayground.MapTest" time="0.003"/>
  <system-out><![CDATA[]]></system-out>
  <system-err><![CDATA[]]></system-err>
</testsuite>
