<?xml version="1.0" encoding="UTF-8"?>
<testsuite name="org.koenighotze.javaslangplayground.OptionTest" tests="8" skipped="0" failures="0" errors="0" timestamp="2016-11-13T21:11:33" hostname="schda-ambp2.fritz.box" time="0.009">
  <properties/>
  <testcase name="old_school_list" classname="org.koenighotze.javaslangplayground.OptionTest" time="0.001"/>
  <testcase name="use_optinal_is_present" classname="org.koenighotze.javaslangplayground.OptionTest" time="0.001"/>
  <testcase name="fix_old_school_list" classname="org.koenighotze.javaslangplayground.OptionTest" time="0.001"/>
  <testcase name="option_pattern_matched_with_guard" classname="org.koenighotze.javaslangplayground.OptionTest" time="0.004"/>
  <testcase name="fixing_things_with_option" classname="org.koenighotze.javaslangplayground.OptionTest" time="0.001"/>
  <testcase name="sample_usage" classname="org.koenighotze.javaslangplayground.OptionTest" time="0.0"/>
  <testcase name="option_pattern_matched" classname="org.koenighotze.javaslangplayground.OptionTest" time="0.0"/>
  <testcase name="cascading_if_nulls" classname="org.koenighotze.javaslangplayground.OptionTest" time="0.0"/>
  <system-out><![CDATA[]]></system-out>
  <system-err><![CDATA[]]></system-err>
</testsuite>
