<?xml version="1.0" encoding="UTF-8"?>
<testsuite name="org.koenighotze.javaslangplayground.LazyTest" tests="2" skipped="0" failures="0" errors="0" timestamp="2016-11-13T21:11:33" hostname="schda-ambp2.fritz.box" time="0.002">
  <properties/>
  <testcase name="basic_stuff" classname="org.koenighotze.javaslangplayground.LazyTest" time="0.002"/>
  <testcase name="filtering_a_lazy_value" classname="org.koenighotze.javaslangplayground.LazyTest" time="0.0"/>
  <system-out><![CDATA[]]></system-out>
  <system-err><![CDATA[]]></system-err>
</testsuite>
