<?xml version="1.0" encoding="UTF-8"?>
<testsuite name="org.koenighotze.javaslangplayground.FutureTest" tests="6" skipped="0" failures="0" errors="0" timestamp="2016-11-13T21:11:31" hostname="schda-ambp2.fritz.box" time="2.016">
  <properties/>
  <testcase name="the_value_of_a_canceled_future_is_defined" classname="org.koenighotze.javaslangplayground.FutureTest" time="0.006"/>
  <testcase name="filtering_a_future" classname="org.koenighotze.javaslangplayground.FutureTest" time="0.0"/>
  <testcase name="a_canceled_future_throws_an_ex" classname="org.koenighotze.javaslangplayground.FutureTest" time="0.0"/>
  <testcase name="the_value_of_a_running_future_is_not_defined" classname="org.koenighotze.javaslangplayground.FutureTest" time="0.0"/>
  <testcase name="cancel_a_future" classname="org.koenighotze.javaslangplayground.FutureTest" time="0.0"/>
  <testcase name="simple_future" classname="org.koenighotze.javaslangplayground.FutureTest" time="2.008"/>
  <system-out><![CDATA[]]></system-out>
  <system-err><![CDATA[Nov 13, 2016 10:11:31 PM org.koenighotze.javaslangplayground.FutureTest lambda$createTask$13
INFO: Running a more or less short lived task...
Nov 13, 2016 10:11:31 PM org.koenighotze.javaslangplayground.FutureTest lambda$createTask$13
INFO: Running a more or less short lived task...
]]></system-err>
</testsuite>
