<?xml version="1.0" encoding="UTF-8"?>
<testsuite name="org.koenighotze.javaslangplayground.QueueTest" tests="4" skipped="0" failures="0" errors="0" timestamp="2016-11-13T21:11:33" hostname="schda-ambp2.fritz.box" time="0.001">
  <properties/>
  <testcase name="dequeue_empty_queue" classname="org.koenighotze.javaslangplayground.QueueTest" time="0.0"/>
  <testcase name="dequeue_empty_queue_functional_way" classname="org.koenighotze.javaslangplayground.QueueTest" time="0.0"/>
  <testcase name="dequeue_option_style" classname="org.koenighotze.javaslangplayground.QueueTest" time="0.0"/>
  <testcase name="dequeue" classname="org.koenighotze.javaslangplayground.QueueTest" time="0.001"/>
  <system-out><![CDATA[]]></system-out>
  <system-err><![CDATA[]]></system-err>
</testsuite>
