<?xml version="1.0" encoding="UTF-8"?>
<testsuite name="org.koenighotze.javaslangplayground.FunctionTest" tests="8" skipped="0" failures="0" errors="0" timestamp="2016-11-13T21:11:31" hostname="schda-ambp2.fritz.box" time="0.035">
  <properties/>
  <testcase name="return_function_with_checked_exception" classname="org.koenighotze.javaslangplayground.FunctionTest" time="0.0"/>
  <testcase name="using_lift_to_handle_partials" classname="org.koenighotze.javaslangplayground.FunctionTest" time="0.023"/>
  <testcase name="callMeTwiceAndIfWillFail_returns_the_maxint_value" classname="org.koenighotze.javaslangplayground.FunctionTest" time="0.0"/>
  <testcase name="normal_function_with_exception" classname="org.koenighotze.javaslangplayground.FunctionTest" time="0.001"/>
  <testcase name="callMeTwiceAndIfWillFail_fails_if_called_twice" classname="org.koenighotze.javaslangplayground.FunctionTest" time="0.0"/>
  <testcase name="old_way_currying" classname="org.koenighotze.javaslangplayground.FunctionTest" time="0.001"/>
  <testcase name="curry_simple_function" classname="org.koenighotze.javaslangplayground.FunctionTest" time="0.002"/>
  <testcase name="memoization" classname="org.koenighotze.javaslangplayground.FunctionTest" time="0.008"/>
  <system-out><![CDATA[]]></system-out>
  <system-err><![CDATA[]]></system-err>
</testsuite>
