<?xml version="1.0" encoding="UTF-8"?>
<testsuite name="org.koenighotze.javaslangplayground.JdkOptionalTest" tests="5" skipped="0" failures="0" errors="0" timestamp="2016-11-13T21:11:33" hostname="schda-ambp2.fritz.box" time="0.005">
  <properties/>
  <testcase name="optional_of_nullable_and_empty_with_javaslang" classname="org.koenighotze.javaslangplayground.JdkOptionalTest" time="0.002"/>
  <testcase name="optional_does_not_hold_left_identity" classname="org.koenighotze.javaslangplayground.JdkOptionalTest" time="0.0"/>
  <testcase name="using_null_values_with_jdk_optional" classname="org.koenighotze.javaslangplayground.JdkOptionalTest" time="0.0"/>
  <testcase name="optional_of_nullable_and_empty" classname="org.koenighotze.javaslangplayground.JdkOptionalTest" time="0.0"/>
  <testcase name="using_null_values_with_option" classname="org.koenighotze.javaslangplayground.JdkOptionalTest" time="0.0"/>
  <system-out><![CDATA[]]></system-out>
  <system-err><![CDATA[]]></system-err>
</testsuite>
