<?xml version="1.0" encoding="UTF-8"?>
<testsuite name="org.koenighotze.javaslangplayground.OptionalBrokenTest" tests="3" skipped="0" failures="0" errors="0" timestamp="2016-11-13T21:11:33" hostname="schda-ambp2.fritz.box" time="0.004">
  <properties/>
  <testcase name="single_map_retails_order_and_structure" classname="org.koenighotze.javaslangplayground.OptionalBrokenTest" time="0.001"/>
  <testcase name="mapping_two_functions" classname="org.koenighotze.javaslangplayground.OptionalBrokenTest" time="0.002"/>
  <testcase name="jdk_optional_with_null" classname="org.koenighotze.javaslangplayground.OptionalBrokenTest" time="0.001"/>
  <system-out><![CDATA[]]></system-out>
  <system-err><![CDATA[]]></system-err>
</testsuite>
