<?xml version="1.0" encoding="UTF-8"?>
<testsuite name="org.koenighotze.javaslangplayground.LiftTest" tests="3" skipped="0" failures="0" errors="0" timestamp="2016-11-13T21:11:33" hostname="schda-ambp2.fritz.box" time="0.001">
  <properties/>
  <testcase name="use_with_try" classname="org.koenighotze.javaslangplayground.LiftTest" time="0.0"/>
  <testcase name="classic_usage" classname="org.koenighotze.javaslangplayground.LiftTest" time="0.0"/>
  <testcase name="safe_op" classname="org.koenighotze.javaslangplayground.LiftTest" time="0.001"/>
  <system-out><![CDATA[]]></system-out>
  <system-err><![CDATA[]]></system-err>
</testsuite>
