<?xml version="1.0" encoding="UTF-8"?>
<testsuite name="org.koenighotze.javaslangplayground.ConcurrentModTest" tests="1" skipped="0" failures="0" errors="0" timestamp="2016-11-13T21:11:31" hostname="schda-ambp2.fritz.box" time="0.001">
  <properties/>
  <testcase name="concurrent_mod_exception" classname="org.koenighotze.javaslangplayground.ConcurrentModTest" time="0.001"/>
  <system-out><![CDATA[]]></system-out>
  <system-err><![CDATA[]]></system-err>
</testsuite>
